# JRE version: OpenJDK Runtime Environment Corretto-11.0.13.8.1 (11.0.13+8) (build 11.0.13+8-LTS)
# Java VM: OpenJDK 64-Bit Server VM Corretto-11.0.13.8.1 (11.0.13+8-LTS, mixed mode, tiered, compressed oops, g1 gc, windows-amd64)
Heap:
 garbage-first heap   total 232448K, used 140546K [0x0000000080000000, 0x0000000100000000)
  region size 1024K, 3 young (3072K), 3 survivors (3072K)
 Metaspace       used 123557K, capacity 126620K, committed 127612K, reserved 1161216K
  class space    used 15262K, capacity 16368K, committed 16768K, reserved 1048576K
GC Heap History (20 events):
Event: 255.756 GC heap after
{Heap after GC invocations=59 (full 0):
 garbage-first heap   total 187392K, used 129531K [0x0000000080000000, 0x0000000100000000)
  region size 1024K, 3 young (3072K), 3 survivors (3072K)
 Metaspace       used 117289K, capacity 120140K, committed 120188K, reserved 1155072K
  class space    used 14479K, capacity 15484K, committed 15488K, reserved 1048576K
}
Event: 256.336 GC heap before
{Heap before GC invocations=59 (full 0):
 garbage-first heap   total 187392K, used 154107K [0x0000000080000000, 0x0000000100000000)
  region size 1024K, 28 young (28672K), 3 survivors (3072K)
 Metaspace       used 121916K, capacity 125113K, committed 125308K, reserved 1159168K
  class space    used 15248K, capacity 16447K, committed 16512K, reserved 1048576K
}
Event: 256.346 GC heap after
{Heap after GC invocations=60 (full 0):
 garbage-first heap   total 187392K, used 131071K [0x0000000080000000, 0x0000000100000000)
  region size 1024K, 2 young (2048K), 2 survivors (2048K)
 Metaspace       used 121916K, capacity 125113K, committed 125308K, reserved 1159168K
  class space    used 15248K, capacity 16447K, committed 16512K, reserved 1048576K
}
Event: 256.681 GC heap before
{Heap before GC invocations=60 (full 0):
 garbage-first heap   total 187392K, used 154623K [0x0000000080000000, 0x0000000100000000)
  region size 1024K, 26 young (26624K), 2 survivors (2048K)
 Metaspace       used 122682K, capacity 125970K, committed 126204K, reserved 1159168K
  class space    used 15327K, capacity 16535K, committed 16640K, reserved 1048576K
}
Event: 256.691 GC heap after
{Heap after GC invocations=61 (full 0):
 garbage-first heap   total 187392K, used 136525K [0x0000000080000000, 0x0000000100000000)
  region size 1024K, 4 young (4096K), 4 survivors (4096K)
 Metaspace       used 122682K, capacity 125970K, committed 126204K, reserved 1159168K
  class space    used 15327K, capacity 16535K, committed 16640K, reserved 1048576K
}
Event: 257.224 GC heap before
{Heap before GC invocations=61 (full 0):
 garbage-first heap   total 187392K, used 155981K [0x0000000080000000, 0x0000000100000000)
  region size 1024K, 25 young (25600K), 4 survivors (4096K)
 Metaspace       used 122984K, capacity 126291K, committed 126460K, reserved 1159168K
  class space    used 15343K, capacity 16573K, committed 16640K, reserved 1048576K
}
Event: 257.233 GC heap after
{Heap after GC invocations=62 (full 0):
 garbage-first heap   total 187392K, used 140206K [0x0000000080000000, 0x0000000100000000)
  region size 1024K, 3 young (3072K), 3 survivors (3072K)
 Metaspace       used 122984K, capacity 126291K, committed 126460K, reserved 1159168K
  class space    used 15343K, capacity 16573K, committed 16640K, reserved 1048576K
}
Event: 257.374 GC heap before
{Heap before GC invocations=62 (full 0):
 garbage-first heap   total 187392K, used 156590K [0x0000000080000000, 0x0000000100000000)
  region size 1024K, 20 young (20480K), 3 survivors (3072K)
 Metaspace       used 123035K, capacity 126358K, committed 126460K, reserved 1159168K
  class space    used 15343K, capacity 16573K, committed 16640K, reserved 1048576K
}
Event: 257.387 GC heap after
{Heap after GC invocations=63 (full 0):
 garbage-first heap   total 187392K, used 142866K [0x0000000080000000, 0x0000000100000000)
  region size 1024K, 3 young (3072K), 3 survivors (3072K)
 Metaspace       used 123035K, capacity 126358K, committed 126460K, reserved 1159168K
  class space    used 15343K, capacity 16573K, committed 16640K, reserved 1048576K
}
Event: 257.650 GC heap before
{Heap before GC invocations=63 (full 0):
 garbage-first heap   total 187392K, used 158226K [0x0000000080000000, 0x0000000100000000)
  region size 1024K, 18 young (18432K), 3 survivors (3072K)
 Metaspace       used 123186K, capacity 126494K, committed 126716K, reserved 1159168K
  class space    used 15349K, capacity 16575K, committed 16640K, reserved 1048576K
}
Event: 257.664 GC heap after
{Heap after GC invocations=64 (full 0):
 garbage-first heap   total 187392K, used 146432K [0x0000000080000000, 0x0000000100000000)
  region size 1024K, 3 young (3072K), 3 survivors (3072K)
 Metaspace       used 123186K, capacity 126494K, committed 126716K, reserved 1159168K
  class space    used 15349K, capacity 16575K, committed 16640K, reserved 1048576K
}
Event: 257.881 GC heap before
{Heap before GC invocations=64 (full 0):
 garbage-first heap   total 187392K, used 151552K [0x0000000080000000, 0x0000000100000000)
  region size 1024K, 16 young (16384K), 3 survivors (3072K)
 Metaspace       used 122918K, capacity 125887K, committed 126716K, reserved 1159168K
  class space    used 15207K, capacity 16301K, committed 16640K, reserved 1048576K
}
Event: 257.891 GC heap after
{Heap after GC invocations=65 (full 0):
 garbage-first heap   total 187392K, used 140038K [0x0000000080000000, 0x0000000100000000)
  region size 1024K, 2 young (2048K), 2 survivors (2048K)
 Metaspace       used 122918K, capacity 125887K, committed 126716K, reserved 1159168K
  class space    used 15207K, capacity 16301K, committed 16640K, reserved 1048576K
}
Event: 258.192 GC heap before
{Heap before GC invocations=66 (full 0):
 garbage-first heap   total 187392K, used 156422K [0x0000000080000000, 0x0000000100000000)
  region size 1024K, 18 young (18432K), 2 survivors (2048K)
 Metaspace       used 123082K, capacity 126152K, committed 126972K, reserved 1159168K
  class space    used 15207K, capacity 16301K, committed 16640K, reserved 1048576K
}
Event: 258.205 GC heap after
{Heap after GC invocations=67 (full 0):
 garbage-first heap   total 187392K, used 142818K [0x0000000080000000, 0x0000000100000000)
  region size 1024K, 3 young (3072K), 3 survivors (3072K)
 Metaspace       used 123082K, capacity 126152K, committed 126972K, reserved 1159168K
  class space    used 15207K, capacity 16301K, committed 16640K, reserved 1048576K
}
Event: 258.337 GC heap before
{Heap before GC invocations=67 (full 0):
 garbage-first heap   total 187392K, used 147938K [0x0000000080000000, 0x0000000100000000)
  region size 1024K, 9 young (9216K), 3 survivors (3072K)
 Metaspace       used 123159K, capacity 126250K, committed 127228K, reserved 1159168K
  class space    used 15212K, capacity 16333K, committed 16640K, reserved 1048576K
}
Event: 258.371 GC heap after
{Heap after GC invocations=68 (full 0):
 garbage-first heap   total 187392K, used 134741K [0x0000000080000000, 0x0000000100000000)
  region size 1024K, 2 young (2048K), 2 survivors (2048K)
 Metaspace       used 123159K, capacity 126250K, committed 127228K, reserved 1159168K
  class space    used 15212K, capacity 16333K, committed 16640K, reserved 1048576K
}
Event: 258.533 GC heap before
{Heap before GC invocations=68 (full 0):
 garbage-first heap   total 187392K, used 153173K [0x0000000080000000, 0x0000000100000000)
  region size 1024K, 20 young (20480K), 2 survivors (2048K)
 Metaspace       used 123339K, capacity 126391K, committed 127228K, reserved 1159168K
  class space    used 15234K, capacity 16335K, committed 16640K, reserved 1048576K
}
Event: 258.547 GC heap after
{Heap after GC invocations=69 (full 0):
 garbage-first heap   total 187392K, used 138063K [0x0000000080000000, 0x0000000100000000)
  region size 1024K, 3 young (3072K), 3 survivors (3072K)
 Metaspace       used 123339K, capacity 126391K, committed 127228K, reserved 1159168K
  class space    used 15234K, capacity 16335K, committed 16640K, reserved 1048576K
}
Event: 258.738 GC heap before
{Heap before GC invocations=69 (full 0):
 garbage-first heap   total 187392K, used 155471K [0x0000000080000000, 0x0000000100000000)
  region size 1024K, 20 young (20480K), 3 survivors (3072K)
 Metaspace       used 123557K, capacity 126620K, committed 127612K, reserved 1161216K
  class space    used 15262K, capacity 16368K, committed 16768K, reserved 1048576K
}

