# JRE version: OpenJDK Runtime Environment Corretto-11.0.13.8.1 (11.0.13+8) (build 11.0.13+8-LTS)
# Java VM: OpenJDK 64-Bit Server VM Corretto-11.0.13.8.1 (11.0.13+8-LTS, mixed mode, tiered, compressed oops, g1 gc, windows-amd64)
Heap:
 garbage-first heap   total 227328K, used 149489K [0x0000000080000000, 0x0000000100000000)
  region size 1024K, 3 young (3072K), 3 survivors (3072K)
 Metaspace       used 117444K, capacity 120218K, committed 120288K, reserved 1163264K
  class space    used 14398K, capacity 15376K, committed 15416K, reserved 1048576K
GC Heap History (20 events):
Event: 8389.139 GC heap before
{Heap before GC invocations=44 (full 0):
 garbage-first heap   total 227328K, used 164944K [0x0000000080000000, 0x0000000100000000)
  region size 1024K, 65 young (66560K), 5 survivors (5120K)
 Metaspace       used 113195K, capacity 115607K, committed 115936K, reserved 1150976K
  class space    used 13908K, capacity 14786K, committed 14904K, reserved 1048576K
}
Event: 8389.170 GC heap after
{Heap after GC invocations=45 (full 0):
 garbage-first heap   total 227328K, used 112934K [0x0000000080000000, 0x0000000100000000)
  region size 1024K, 9 young (9216K), 9 survivors (9216K)
 Metaspace       used 113195K, capacity 115607K, committed 115936K, reserved 1150976K
  class space    used 13908K, capacity 14786K, committed 14904K, reserved 1048576K
}
Event: 8390.191 GC heap before
{Heap before GC invocations=45 (full 0):
 garbage-first heap   total 227328K, used 170278K [0x0000000080000000, 0x0000000100000000)
  region size 1024K, 66 young (67584K), 9 survivors (9216K)
 Metaspace       used 114162K, capacity 116656K, committed 116832K, reserved 1150976K
  class space    used 13986K, capacity 14900K, committed 15032K, reserved 1048576K
}
Event: 8390.222 GC heap after
{Heap after GC invocations=46 (full 0):
 garbage-first heap   total 227328K, used 115195K [0x0000000080000000, 0x0000000100000000)
  region size 1024K, 4 young (4096K), 4 survivors (4096K)
 Metaspace       used 114162K, capacity 116656K, committed 116832K, reserved 1150976K
  class space    used 13986K, capacity 14900K, committed 15032K, reserved 1048576K
}
Event: 8397.600 GC heap before
{Heap before GC invocations=46 (full 0):
 garbage-first heap   total 227328K, used 173563K [0x0000000080000000, 0x0000000100000000)
  region size 1024K, 62 young (63488K), 4 survivors (4096K)
 Metaspace       used 115488K, capacity 117946K, committed 118240K, reserved 1153024K
  class space    used 14163K, capacity 15071K, committed 15160K, reserved 1048576K
}
Event: 8397.612 GC heap after
{Heap after GC invocations=47 (full 0):
 garbage-first heap   total 227328K, used 118353K [0x0000000080000000, 0x0000000100000000)
  region size 1024K, 7 young (7168K), 7 survivors (7168K)
 Metaspace       used 115488K, capacity 117946K, committed 118240K, reserved 1153024K
  class space    used 14163K, capacity 15071K, committed 15160K, reserved 1048576K
}
Event: 8446.505 GC heap before
{Heap before GC invocations=47 (full 0):
 garbage-first heap   total 227328K, used 177745K [0x0000000080000000, 0x0000000100000000)
  region size 1024K, 66 young (67584K), 7 survivors (7168K)
 Metaspace       used 116107K, capacity 118731K, committed 118752K, reserved 1153024K
  class space    used 14222K, capacity 15152K, committed 15160K, reserved 1048576K
}
Event: 8446.534 GC heap after
{Heap after GC invocations=48 (full 0):
 garbage-first heap   total 227328K, used 124214K [0x0000000080000000, 0x0000000100000000)
  region size 1024K, 9 young (9216K), 9 survivors (9216K)
 Metaspace       used 116107K, capacity 118731K, committed 118752K, reserved 1153024K
  class space    used 14222K, capacity 15152K, committed 15160K, reserved 1048576K
}
Event: 8447.873 GC heap before
{Heap before GC invocations=48 (full 0):
 garbage-first heap   total 227328K, used 182582K [0x0000000080000000, 0x0000000100000000)
  region size 1024K, 65 young (66560K), 9 survivors (9216K)
 Metaspace       used 116167K, capacity 118795K, committed 119008K, reserved 1153024K
  class space    used 14222K, capacity 15152K, committed 15160K, reserved 1048576K
}
Event: 8447.936 GC heap after
{Heap after GC invocations=49 (full 0):
 garbage-first heap   total 227328K, used 137596K [0x0000000080000000, 0x0000000100000000)
  region size 1024K, 9 young (9216K), 9 survivors (9216K)
 Metaspace       used 116167K, capacity 118795K, committed 119008K, reserved 1153024K
  class space    used 14222K, capacity 15152K, committed 15160K, reserved 1048576K
}
Event: 8448.663 GC heap before
{Heap before GC invocations=49 (full 0):
 garbage-first heap   total 227328K, used 193916K [0x0000000080000000, 0x0000000100000000)
  region size 1024K, 50 young (51200K), 9 survivors (9216K)
 Metaspace       used 116226K, capacity 118870K, committed 119008K, reserved 1153024K
  class space    used 14224K, capacity 15154K, committed 15160K, reserved 1048576K
}
Event: 8448.707 GC heap after
{Heap after GC invocations=50 (full 0):
 garbage-first heap   total 227328K, used 141824K [0x0000000080000000, 0x0000000100000000)
  region size 1024K, 4 young (4096K), 4 survivors (4096K)
 Metaspace       used 116226K, capacity 118870K, committed 119008K, reserved 1153024K
  class space    used 14224K, capacity 15154K, committed 15160K, reserved 1048576K
}
Event: 8449.148 GC heap before
{Heap before GC invocations=50 (full 0):
 garbage-first heap   total 227328K, used 181760K [0x0000000080000000, 0x0000000100000000)
  region size 1024K, 44 young (45056K), 4 survivors (4096K)
 Metaspace       used 116262K, capacity 118881K, committed 119008K, reserved 1153024K
  class space    used 14225K, capacity 15156K, committed 15160K, reserved 1048576K
}
Event: 8449.158 GC heap after
{Heap after GC invocations=51 (full 0):
 garbage-first heap   total 227328K, used 143471K [0x0000000080000000, 0x0000000100000000)
  region size 1024K, 2 young (2048K), 2 survivors (2048K)
 Metaspace       used 116262K, capacity 118881K, committed 119008K, reserved 1153024K
  class space    used 14225K, capacity 15156K, committed 15160K, reserved 1048576K
}
Event: 8456.593 GC heap before
{Heap before GC invocations=51 (full 0):
 garbage-first heap   total 227328K, used 183407K [0x0000000080000000, 0x0000000100000000)
  region size 1024K, 42 young (43008K), 2 survivors (2048K)
 Metaspace       used 116290K, capacity 118945K, committed 119008K, reserved 1153024K
  class space    used 14225K, capacity 15156K, committed 15160K, reserved 1048576K
}
Event: 8456.602 GC heap after
{Heap after GC invocations=52 (full 0):
 garbage-first heap   total 227328K, used 147221K [0x0000000080000000, 0x0000000100000000)
  region size 1024K, 6 young (6144K), 6 survivors (6144K)
 Metaspace       used 116290K, capacity 118945K, committed 119008K, reserved 1153024K
  class space    used 14225K, capacity 15156K, committed 15160K, reserved 1048576K
}
Event: 8456.789 GC heap before
{Heap before GC invocations=52 (full 0):
 garbage-first heap   total 227328K, used 185109K [0x0000000080000000, 0x0000000100000000)
  region size 1024K, 44 young (45056K), 6 survivors (6144K)
 Metaspace       used 116324K, capacity 118945K, committed 119008K, reserved 1153024K
  class space    used 14225K, capacity 15156K, committed 15160K, reserved 1048576K
}
Event: 8456.801 GC heap after
{Heap after GC invocations=53 (full 0):
 garbage-first heap   total 227328K, used 149903K [0x0000000080000000, 0x0000000100000000)
  region size 1024K, 3 young (3072K), 3 survivors (3072K)
 Metaspace       used 116324K, capacity 118945K, committed 119008K, reserved 1153024K
  class space    used 14225K, capacity 15156K, committed 15160K, reserved 1048576K
}
Event: 8459.845 GC heap before
{Heap before GC invocations=53 (full 0):
 garbage-first heap   total 227328K, used 178575K [0x0000000080000000, 0x0000000100000000)
  region size 1024K, 33 young (33792K), 3 survivors (3072K)
 Metaspace       used 117444K, capacity 120218K, committed 120288K, reserved 1161216K
  class space    used 14398K, capacity 15376K, committed 15416K, reserved 1048576K
}
Event: 8459.853 GC heap after
{Heap after GC invocations=54 (full 0):
 garbage-first heap   total 227328K, used 149489K [0x0000000080000000, 0x0000000100000000)
  region size 1024K, 3 young (3072K), 3 survivors (3072K)
 Metaspace       used 117444K, capacity 120218K, committed 120288K, reserved 1161216K
  class space    used 14398K, capacity 15376K, committed 15416K, reserved 1048576K
}

