# JRE version: OpenJDK Runtime Environment Corretto-11.0.13.8.1 (11.0.13+8) (build 11.0.13+8-LTS)
# Java VM: OpenJDK 64-Bit Server VM Corretto-11.0.13.8.1 (11.0.13+8-LTS, mixed mode, tiered, compressed oops, g1 gc, windows-amd64)
Heap:
 garbage-first heap   total 129024K, used 41532K [0x0000000080000000, 0x0000000100000000)
  region size 1024K, 29 young (29696K), 5 survivors (5120K)
 Metaspace       used 28866K, capacity 29511K, committed 29564K, reserved 1075200K
  class space    used 3701K, capacity 3920K, committed 3968K, reserved 1048576K
GC Heap History (12 events):
Event: 2.947 GC heap before
{Heap before GC invocations=0 (full 0):
 garbage-first heap   total 129024K, used 19456K [0x0000000080000000, 0x0000000100000000)
  region size 1024K, 14 young (14336K), 0 survivors (0K)
 Metaspace       used 7594K, capacity 7807K, committed 7936K, reserved 1056768K
  class space    used 691K, capacity 748K, committed 768K, reserved 1048576K
}
Event: 2.963 GC heap after
{Heap after GC invocations=1 (full 0):
 garbage-first heap   total 129024K, used 8207K [0x0000000080000000, 0x0000000100000000)
  region size 1024K, 2 young (2048K), 2 survivors (2048K)
 Metaspace       used 7594K, capacity 7807K, committed 7936K, reserved 1056768K
  class space    used 691K, capacity 748K, committed 768K, reserved 1048576K
}
Event: 4.334 GC heap before
{Heap before GC invocations=1 (full 0):
 garbage-first heap   total 129024K, used 19471K [0x0000000080000000, 0x0000000100000000)
  region size 1024K, 13 young (13312K), 2 survivors (2048K)
 Metaspace       used 10847K, capacity 11109K, committed 11264K, reserved 1058816K
  class space    used 1119K, capacity 1168K, committed 1280K, reserved 1048576K
}
Event: 4.338 GC heap after
{Heap after GC invocations=2 (full 0):
 garbage-first heap   total 129024K, used 8997K [0x0000000080000000, 0x0000000100000000)
  region size 1024K, 1 young (1024K), 1 survivors (1024K)
 Metaspace       used 10847K, capacity 11109K, committed 11264K, reserved 1058816K
  class space    used 1119K, capacity 1168K, committed 1280K, reserved 1048576K
}
Event: 5.377 GC heap before
{Heap before GC invocations=2 (full 0):
 garbage-first heap   total 129024K, used 35621K [0x0000000080000000, 0x0000000100000000)
  region size 1024K, 28 young (28672K), 1 survivors (1024K)
 Metaspace       used 11003K, capacity 11301K, committed 11520K, reserved 1058816K
  class space    used 1121K, capacity 1168K, committed 1280K, reserved 1048576K
}
Event: 5.382 GC heap after
{Heap after GC invocations=3 (full 0):
 garbage-first heap   total 129024K, used 13079K [0x0000000080000000, 0x0000000100000000)
  region size 1024K, 4 young (4096K), 4 survivors (4096K)
 Metaspace       used 11003K, capacity 11301K, committed 11520K, reserved 1058816K
  class space    used 1121K, capacity 1168K, committed 1280K, reserved 1048576K
}
Event: 10.574 GC heap before
{Heap before GC invocations=3 (full 0):
 garbage-first heap   total 129024K, used 53015K [0x0000000080000000, 0x0000000100000000)
  region size 1024K, 43 young (44032K), 4 survivors (4096K)
 Metaspace       used 18591K, capacity 19061K, committed 19328K, reserved 1067008K
  class space    used 2206K, capacity 2365K, committed 2432K, reserved 1048576K
}
Event: 10.585 GC heap after
{Heap after GC invocations=4 (full 0):
 garbage-first heap   total 129024K, used 16019K [0x0000000080000000, 0x0000000100000000)
  region size 1024K, 3 young (3072K), 3 survivors (3072K)
 Metaspace       used 18591K, capacity 19061K, committed 19328K, reserved 1067008K
  class space    used 2206K, capacity 2365K, committed 2432K, reserved 1048576K
}
Event: 11.061 GC heap before
{Heap before GC invocations=4 (full 0):
 garbage-first heap   total 129024K, used 26259K [0x0000000080000000, 0x0000000100000000)
  region size 1024K, 14 young (14336K), 3 survivors (3072K)
 Metaspace       used 20736K, capacity 21182K, committed 21248K, reserved 1069056K
  class space    used 2396K, capacity 2544K, committed 2560K, reserved 1048576K
}
Event: 11.069 GC heap after
{Heap after GC invocations=5 (full 0):
 garbage-first heap   total 129024K, used 16231K [0x0000000080000000, 0x0000000100000000)
  region size 1024K, 4 young (4096K), 4 survivors (4096K)
 Metaspace       used 20736K, capacity 21182K, committed 21248K, reserved 1069056K
  class space    used 2396K, capacity 2544K, committed 2560K, reserved 1048576K
}
Event: 14.275 GC heap before
{Heap before GC invocations=6 (full 0):
 garbage-first heap   total 129024K, used 64359K [0x0000000080000000, 0x0000000100000000)
  region size 1024K, 51 young (52224K), 4 survivors (4096K)
 Metaspace       used 26414K, capacity 27049K, committed 27132K, reserved 1073152K
  class space    used 3325K, capacity 3524K, committed 3584K, reserved 1048576K
}
Event: 14.283 GC heap after
{Heap after GC invocations=7 (full 0):
 garbage-first heap   total 129024K, used 17980K [0x0000000080000000, 0x0000000100000000)
  region size 1024K, 5 young (5120K), 5 survivors (5120K)
 Metaspace       used 26414K, capacity 27049K, committed 27132K, reserved 1073152K
  class space    used 3325K, capacity 3524K, committed 3584K, reserved 1048576K
}

