# JRE version: OpenJDK Runtime Environment Corretto-11.0.13.8.1 (11.0.13+8) (build 11.0.13+8-LTS)
# Java VM: OpenJDK 64-Bit Server VM Corretto-11.0.13.8.1 (11.0.13+8-LTS, mixed mode, tiered, compressed oops, g1 gc, windows-amd64)
Heap:
 garbage-first heap   total 187392K, used 126904K [0x0000000080000000, 0x0000000100000000)
  region size 1024K, 53 young (54272K), 5 survivors (5120K)
 Metaspace       used 85399K, capacity 87494K, committed 87804K, reserved 1126400K
  class space    used 10917K, capacity 11665K, committed 11776K, reserved 1048576K
GC Heap History (20 events):
Event: 7.214 GC heap before
{Heap before GC invocations=9 (full 0):
 garbage-first heap   total 129024K, used 81848K [0x0000000080000000, 0x0000000100000000)
  region size 1024K, 65 young (66560K), 9 survivors (9216K)
 Metaspace       used 40282K, capacity 41163K, committed 41340K, reserved 1085440K
  class space    used 5069K, capacity 5388K, committed 5504K, reserved 1048576K
}
Event: 7.236 GC heap after
{Heap after GC invocations=10 (full 0):
 garbage-first heap   total 129024K, used 25252K [0x0000000080000000, 0x0000000100000000)
  region size 1024K, 8 young (8192K), 8 survivors (8192K)
 Metaspace       used 40282K, capacity 41163K, committed 41340K, reserved 1085440K
  class space    used 5069K, capacity 5388K, committed 5504K, reserved 1048576K
}
Event: 8.345 GC heap before
{Heap before GC invocations=10 (full 0):
 garbage-first heap   total 129024K, used 88740K [0x0000000080000000, 0x0000000100000000)
  region size 1024K, 70 young (71680K), 8 survivors (8192K)
 Metaspace       used 43406K, capacity 44398K, committed 44540K, reserved 1087488K
  class space    used 5453K, capacity 5783K, committed 5888K, reserved 1048576K
}
Event: 8.365 GC heap after
{Heap after GC invocations=11 (full 0):
 garbage-first heap   total 155648K, used 29669K [0x0000000080000000, 0x0000000100000000)
  region size 1024K, 9 young (9216K), 9 survivors (9216K)
 Metaspace       used 43406K, capacity 44398K, committed 44540K, reserved 1087488K
  class space    used 5453K, capacity 5783K, committed 5888K, reserved 1048576K
}
Event: 10.215 GC heap before
{Heap before GC invocations=11 (full 0):
 garbage-first heap   total 155648K, used 114661K [0x0000000080000000, 0x0000000100000000)
  region size 1024K, 87 young (89088K), 9 survivors (9216K)
 Metaspace       used 53792K, capacity 55044K, committed 55292K, reserved 1097728K
  class space    used 6702K, capacity 7120K, committed 7168K, reserved 1048576K
}
Event: 10.235 GC heap after
{Heap after GC invocations=12 (full 0):
 garbage-first heap   total 155648K, used 45396K [0x0000000080000000, 0x0000000100000000)
  region size 1024K, 11 young (11264K), 11 survivors (11264K)
 Metaspace       used 53792K, capacity 55044K, committed 55292K, reserved 1097728K
  class space    used 6702K, capacity 7120K, committed 7168K, reserved 1048576K
}
Event: 11.260 GC heap before
{Heap before GC invocations=12 (full 0):
 garbage-first heap   total 155648K, used 91476K [0x0000000080000000, 0x0000000100000000)
  region size 1024K, 57 young (58368K), 11 survivors (11264K)
 Metaspace       used 58872K, capacity 60216K, committed 60284K, reserved 1101824K
  class space    used 7291K, capacity 7769K, committed 7808K, reserved 1048576K
}
Event: 11.290 GC heap after
{Heap after GC invocations=13 (full 0):
 garbage-first heap   total 155648K, used 49545K [0x0000000080000000, 0x0000000100000000)
  region size 1024K, 5 young (5120K), 5 survivors (5120K)
 Metaspace       used 58872K, capacity 60216K, committed 60284K, reserved 1101824K
  class space    used 7291K, capacity 7769K, committed 7808K, reserved 1048576K
}
Event: 12.520 GC heap before
{Heap before GC invocations=14 (full 0):
 garbage-first heap   total 155648K, used 109961K [0x0000000080000000, 0x0000000100000000)
  region size 1024K, 64 young (65536K), 5 survivors (5120K)
 Metaspace       used 63287K, capacity 64703K, committed 65020K, reserved 1105920K
  class space    used 7836K, capacity 8370K, committed 8448K, reserved 1048576K
}
Event: 12.540 GC heap after
{Heap after GC invocations=15 (full 0):
 garbage-first heap   total 155648K, used 54615K [0x0000000080000000, 0x0000000100000000)
  region size 1024K, 8 young (8192K), 8 survivors (8192K)
 Metaspace       used 63287K, capacity 64703K, committed 65020K, reserved 1105920K
  class space    used 7836K, capacity 8370K, committed 8448K, reserved 1048576K
}
Event: 13.885 GC heap before
{Heap before GC invocations=15 (full 0):
 garbage-first heap   total 155648K, used 114007K [0x0000000080000000, 0x0000000100000000)
  region size 1024K, 66 young (67584K), 8 survivors (8192K)
 Metaspace       used 69878K, capacity 71551K, committed 71676K, reserved 1112064K
  class space    used 8872K, capacity 9453K, committed 9472K, reserved 1048576K
}
Event: 13.907 GC heap after
{Heap after GC invocations=16 (full 0):
 garbage-first heap   total 187392K, used 58076K [0x0000000080000000, 0x0000000100000000)
  region size 1024K, 8 young (8192K), 8 survivors (8192K)
 Metaspace       used 69878K, capacity 71551K, committed 71676K, reserved 1112064K
  class space    used 8872K, capacity 9453K, committed 9472K, reserved 1048576K
}
Event: 16.094 GC heap before
{Heap before GC invocations=16 (full 0):
 garbage-first heap   total 187392K, used 128732K [0x0000000080000000, 0x0000000100000000)
  region size 1024K, 77 young (78848K), 8 survivors (8192K)
 Metaspace       used 75700K, capacity 77445K, committed 77692K, reserved 1116160K
  class space    used 9687K, capacity 10330K, committed 10368K, reserved 1048576K
}
Event: 16.120 GC heap after
{Heap after GC invocations=17 (full 0):
 garbage-first heap   total 187392K, used 64270K [0x0000000080000000, 0x0000000100000000)
  region size 1024K, 9 young (9216K), 9 survivors (9216K)
 Metaspace       used 75700K, capacity 77445K, committed 77692K, reserved 1116160K
  class space    used 9687K, capacity 10330K, committed 10368K, reserved 1048576K
}
Event: 17.713 GC heap before
{Heap before GC invocations=17 (full 0):
 garbage-first heap   total 187392K, used 132878K [0x0000000080000000, 0x0000000100000000)
  region size 1024K, 77 young (78848K), 9 survivors (9216K)
 Metaspace       used 77083K, capacity 78968K, committed 79228K, reserved 1118208K
  class space    used 9811K, capacity 10518K, committed 10624K, reserved 1048576K
}
Event: 17.736 GC heap after
{Heap after GC invocations=18 (full 0):
 garbage-first heap   total 187392K, used 70880K [0x0000000080000000, 0x0000000100000000)
  region size 1024K, 8 young (8192K), 8 survivors (8192K)
 Metaspace       used 77083K, capacity 78968K, committed 79228K, reserved 1118208K
  class space    used 9811K, capacity 10518K, committed 10624K, reserved 1048576K
}
Event: 19.383 GC heap before
{Heap before GC invocations=18 (full 0):
 garbage-first heap   total 187392K, used 138464K [0x0000000080000000, 0x0000000100000000)
  region size 1024K, 75 young (76800K), 8 survivors (8192K)
 Metaspace       used 77778K, capacity 79719K, committed 79996K, reserved 1118208K
  class space    used 9874K, capacity 10574K, committed 10624K, reserved 1048576K
}
Event: 19.400 GC heap after
{Heap after GC invocations=19 (full 0):
 garbage-first heap   total 187392K, used 75107K [0x0000000080000000, 0x0000000100000000)
  region size 1024K, 7 young (7168K), 7 survivors (7168K)
 Metaspace       used 77778K, capacity 79719K, committed 79996K, reserved 1118208K
  class space    used 9874K, capacity 10574K, committed 10624K, reserved 1048576K
}
Event: 20.505 GC heap before
{Heap before GC invocations=19 (full 0):
 garbage-first heap   total 187392K, used 141667K [0x0000000080000000, 0x0000000100000000)
  region size 1024K, 73 young (74752K), 7 survivors (7168K)
 Metaspace       used 81176K, capacity 83105K, committed 83196K, reserved 1122304K
  class space    used 10317K, capacity 10993K, committed 11008K, reserved 1048576K
}
Event: 20.521 GC heap after
{Heap after GC invocations=20 (full 0):
 garbage-first heap   total 187392K, used 78776K [0x0000000080000000, 0x0000000100000000)
  region size 1024K, 5 young (5120K), 5 survivors (5120K)
 Metaspace       used 81176K, capacity 83105K, committed 83196K, reserved 1122304K
  class space    used 10317K, capacity 10993K, committed 11008K, reserved 1048576K
}

